[debug] [2022-11-06T07:07:07.616Z] ----------------------------------------------------------------------
[debug] [2022-11-06T07:07:07.618Z] Command:       C:\Program Files\nodejs\node.exe C:\Users\NAUFIL\AppData\Roaming\npm\node_modules\firebase-tools\lib\bin\firebase.js deploy
[debug] [2022-11-06T07:07:07.619Z] CLI Version:   11.14.1
[debug] [2022-11-06T07:07:07.619Z] Platform:      win32
[debug] [2022-11-06T07:07:07.619Z] Node Version:  v16.17.0
[debug] [2022-11-06T07:07:07.621Z] Time:          Sun Nov 06 2022 12:37:07 GMT+0530 (India Standard Time)
[debug] [2022-11-06T07:07:07.621Z] ----------------------------------------------------------------------
[debug] 
[debug] [2022-11-06T07:07:07.699Z] > command requires scopes: ["email","openid","https://www.googleapis.com/auth/cloudplatformprojects.readonly","https://www.googleapis.com/auth/firebase","https://www.googleapis.com/auth/cloud-platform"]
[debug] [2022-11-06T07:07:07.699Z] > authorizing via signed-in user (naufilasar9028@gmail.com)
[debug] [2022-11-06T07:07:07.699Z] [iam] checking project thrifty-shopping-assistant for permissions ["firebase.projects.get","firebasehosting.sites.update"]
[debug] [2022-11-06T07:07:07.701Z] >>> [apiv2][query] POST https://cloudresourcemanager.googleapis.com/v1/projects/thrifty-shopping-assistant:testIamPermissions [none]
[debug] [2022-11-06T07:07:07.702Z] >>> [apiv2][(partial)header] POST https://cloudresourcemanager.googleapis.com/v1/projects/thrifty-shopping-assistant:testIamPermissions x-goog-quota-user=projects/thrifty-shopping-assistant
[debug] [2022-11-06T07:07:07.702Z] >>> [apiv2][body] POST https://cloudresourcemanager.googleapis.com/v1/projects/thrifty-shopping-assistant:testIamPermissions {"permissions":["firebase.projects.get","firebasehosting.sites.update"]}
[debug] [2022-11-06T07:07:09.354Z] <<< [apiv2][status] POST https://cloudresourcemanager.googleapis.com/v1/projects/thrifty-shopping-assistant:testIamPermissions 200
[debug] [2022-11-06T07:07:09.354Z] <<< [apiv2][body] POST https://cloudresourcemanager.googleapis.com/v1/projects/thrifty-shopping-assistant:testIamPermissions {"permissions":["firebase.projects.get","firebasehosting.sites.update"]}
[debug] [2022-11-06T07:07:09.356Z] >>> [apiv2][query] GET https://firebase.googleapis.com/v1beta1/projects/thrifty-shopping-assistant [none]
[debug] [2022-11-06T07:07:09.964Z] <<< [apiv2][status] GET https://firebase.googleapis.com/v1beta1/projects/thrifty-shopping-assistant 200
[debug] [2022-11-06T07:07:09.964Z] <<< [apiv2][body] GET https://firebase.googleapis.com/v1beta1/projects/thrifty-shopping-assistant {"projectId":"thrifty-shopping-assistant","projectNumber":"884016081747","displayName":"thrifty-shopping-assistant","name":"projects/thrifty-shopping-assistant","resources":{"hostingSite":"thrifty-shopping-assistant"},"state":"ACTIVE","etag":"1_470ce4ca-40c3-4d77-9707-819fa3a77771"}
[info] 
[info] === Deploying to 'thrifty-shopping-assistant'...
[info] 
[info] i  deploying hosting 
[debug] [2022-11-06T07:07:09.968Z] >>> [apiv2][query] POST https://firebasehosting.googleapis.com/v1beta1/projects/-/sites/thrifty-shopping-assistant/versions [none]
[debug] [2022-11-06T07:07:09.968Z] >>> [apiv2][body] POST https://firebasehosting.googleapis.com/v1beta1/projects/-/sites/thrifty-shopping-assistant/versions {"status":"CREATED","labels":{"deployment-tool":"cli-firebase"}}
[debug] [2022-11-06T07:07:11.714Z] <<< [apiv2][status] POST https://firebasehosting.googleapis.com/v1beta1/projects/-/sites/thrifty-shopping-assistant/versions 200
[debug] [2022-11-06T07:07:11.714Z] <<< [apiv2][body] POST https://firebasehosting.googleapis.com/v1beta1/projects/-/sites/thrifty-shopping-assistant/versions {"name":"projects/884016081747/sites/thrifty-shopping-assistant/versions/f07316bad5bed8af","status":"CREATED","config":{},"labels":{"deployment-tool":"cli-firebase"}}
[info] i  hosting[thrifty-shopping-assistant]: beginning deploy... 
[info] i  hosting[thrifty-shopping-assistant]: found 1 files in public 
[debug] [2022-11-06T07:07:11.719Z] [hosting] uploading with 200 concurrency
[debug] [2022-11-06T07:07:11.723Z] [hosting] hash cache [cHVibGlj] stored for 1 files
[debug] [2022-11-06T07:07:11.723Z] [hosting][hash queue][FINAL] {"max":0,"min":0,"avg":0,"active":0,"complete":1,"success":1,"errored":0,"retried":0,"total":1,"elapsed":2}
[debug] [2022-11-06T07:07:11.723Z] >>> [apiv2][query] POST https://firebasehosting.googleapis.com/v1beta1/projects/884016081747/sites/thrifty-shopping-assistant/versions/f07316bad5bed8af:populateFiles [none]
[debug] [2022-11-06T07:07:11.723Z] >>> [apiv2][body] POST https://firebasehosting.googleapis.com/v1beta1/projects/884016081747/sites/thrifty-shopping-assistant/versions/f07316bad5bed8af:populateFiles {"files":{"/index.html":"056c95af24c4e4ae9702e373716b577099ea7ddabffb1f4327886a99ba0bbe15"}}
[debug] [2022-11-06T07:07:12.942Z] <<< [apiv2][status] POST https://firebasehosting.googleapis.com/v1beta1/projects/884016081747/sites/thrifty-shopping-assistant/versions/f07316bad5bed8af:populateFiles 200
[debug] [2022-11-06T07:07:12.942Z] <<< [apiv2][body] POST https://firebasehosting.googleapis.com/v1beta1/projects/884016081747/sites/thrifty-shopping-assistant/versions/f07316bad5bed8af:populateFiles {"uploadUrl":"https://upload-firebasehosting.googleapis.com/upload/sites/thrifty-shopping-assistant/versions/f07316bad5bed8af/files"}
[debug] [2022-11-06T07:07:12.943Z] [hosting][populate queue][FINAL] {"max":1222,"min":1222,"avg":1222,"active":0,"complete":1,"success":1,"errored":0,"retried":0,"total":1,"elapsed":1222}
[debug] [2022-11-06T07:07:12.943Z] [hosting] uploads queued: 0
[debug] [2022-11-06T07:07:12.943Z] [hosting][upload queue][FINAL] {"max":0,"min":9999999999,"avg":0,"active":0,"complete":0,"success":0,"errored":0,"retried":0,"total":0,"elapsed":1667718432943}
[info] +  hosting[thrifty-shopping-assistant]: file upload complete 
[debug] [2022-11-06T07:07:12.944Z] [hosting] deploy completed after 1229ms
[debug] [2022-11-06T07:07:12.945Z] [
  {
    "config": {
      "public": "public",
      "ignore": [
        "firebase.json",
        "**/.*",
        "**/node_modules/**"
      ],
      "rewrites": [
        {
          "source": "**",
          "destination": "/index.html"
        }
      ],
      "site": "thrifty-shopping-assistant"
    },
    "version": "projects/884016081747/sites/thrifty-shopping-assistant/versions/f07316bad5bed8af"
  }
]
[info] i  hosting[thrifty-shopping-assistant]: finalizing version... 
[debug] [2022-11-06T07:07:12.947Z] >>> [apiv2][query] PATCH https://firebasehosting.googleapis.com/v1beta1/projects/-/sites/thrifty-shopping-assistant/versions/f07316bad5bed8af updateMask=status%2Cconfig
[debug] [2022-11-06T07:07:12.947Z] >>> [apiv2][body] PATCH https://firebasehosting.googleapis.com/v1beta1/projects/-/sites/thrifty-shopping-assistant/versions/f07316bad5bed8af {"status":"FINALIZED","config":{"rewrites":[{"glob":"**","path":"/index.html"}]}}
